/home/aero-ws/10x_Path_Smoothing/turtlebot_ws/install/turtlebot_path_smoothing/lib/python3.10/site-packages/turtlebot_path_smoothing/turtlebot_path_node.py
/home/aero-ws/10x_Path_Smoothing/turtlebot_ws/install/turtlebot_path_smoothing/lib/python3.10/site-packages/turtlebot_path_smoothing/cubic_spline_smoother.py
/home/aero-ws/10x_Path_Smoothing/turtlebot_ws/install/turtlebot_path_smoothing/lib/python3.10/site-packages/turtlebot_path_smoothing/stanley_controller.py
/home/aero-ws/10x_Path_Smoothing/turtlebot_ws/install/turtlebot_path_smoothing/lib/python3.10/site-packages/turtlebot_path_smoothing/__init__.py
/home/aero-ws/10x_Path_Smoothing/turtlebot_ws/install/turtlebot_path_smoothing/lib/python3.10/site-packages/turtlebot_path_smoothing/__pycache__/turtlebot_path_node.cpython-310.pyc
/home/aero-ws/10x_Path_Smoothing/turtlebot_ws/install/turtlebot_path_smoothing/lib/python3.10/site-packages/turtlebot_path_smoothing/__pycache__/cubic_spline_smoother.cpython-310.pyc
/home/aero-ws/10x_Path_Smoothing/turtlebot_ws/install/turtlebot_path_smoothing/lib/python3.10/site-packages/turtlebot_path_smoothing/__pycache__/stanley_controller.cpython-310.pyc
/home/aero-ws/10x_Path_Smoothing/turtlebot_ws/install/turtlebot_path_smoothing/lib/python3.10/site-packages/turtlebot_path_smoothing/__pycache__/__init__.cpython-310.pyc
/home/aero-ws/10x_Path_Smoothing/turtlebot_ws/install/turtlebot_path_smoothing/share/ament_index/resource_index/packages/turtlebot_path_smoothing
/home/aero-ws/10x_Path_Smoothing/turtlebot_ws/install/turtlebot_path_smoothing/share/turtlebot_path_smoothing/package.xml
/home/aero-ws/10x_Path_Smoothing/turtlebot_ws/install/turtlebot_path_smoothing/share/turtlebot_path_smoothing/launch/complete_simulation.launch.py
/home/aero-ws/10x_Path_Smoothing/turtlebot_ws/install/turtlebot_path_smoothing/share/turtlebot_path_smoothing/rviz/turtlebot_path_smoothing.rviz
/home/aero-ws/10x_Path_Smoothing/turtlebot_ws/install/turtlebot_path_smoothing/lib/python3.10/site-packages/turtlebot_path_smoothing-0.0.0-py3.10.egg-info/zip-safe
/home/aero-ws/10x_Path_Smoothing/turtlebot_ws/install/turtlebot_path_smoothing/lib/python3.10/site-packages/turtlebot_path_smoothing-0.0.0-py3.10.egg-info/top_level.txt
/home/aero-ws/10x_Path_Smoothing/turtlebot_ws/install/turtlebot_path_smoothing/lib/python3.10/site-packages/turtlebot_path_smoothing-0.0.0-py3.10.egg-info/SOURCES.txt
/home/aero-ws/10x_Path_Smoothing/turtlebot_ws/install/turtlebot_path_smoothing/lib/python3.10/site-packages/turtlebot_path_smoothing-0.0.0-py3.10.egg-info/PKG-INFO
/home/aero-ws/10x_Path_Smoothing/turtlebot_ws/install/turtlebot_path_smoothing/lib/python3.10/site-packages/turtlebot_path_smoothing-0.0.0-py3.10.egg-info/requires.txt
/home/aero-ws/10x_Path_Smoothing/turtlebot_ws/install/turtlebot_path_smoothing/lib/python3.10/site-packages/turtlebot_path_smoothing-0.0.0-py3.10.egg-info/entry_points.txt
/home/aero-ws/10x_Path_Smoothing/turtlebot_ws/install/turtlebot_path_smoothing/lib/python3.10/site-packages/turtlebot_path_smoothing-0.0.0-py3.10.egg-info/dependency_links.txt
/home/aero-ws/10x_Path_Smoothing/turtlebot_ws/install/turtlebot_path_smoothing/lib/turtlebot_path_smoothing/turtlebot_path_node
