[0.005s] Invoking command in '/home/aero-ws/10x_Path_Smoothing/ros2_integration/build/path_smoothing_turtlebot': CMAKE_PREFIX_PATH=${CMAKE_PREFIX_PATH}:/opt/ros/humble /usr/bin/cmake /home/aero-ws/10x_Path_Smoothing/ros2_integration -DCMAKE_INSTALL_PREFIX=/home/aero-ws/10x_Path_Smoothing/ros2_integration/install/path_smoothing_turtlebot
[0.010s] -- Found ament_cmake: 1.3.12 (/opt/ros/humble/share/ament_cmake/cmake)
[0.062s] -- Found rclpy: 3.3.17 (/opt/ros/humble/share/rclpy/cmake)
[0.062s] -- Found geometry_msgs: 4.9.0 (/opt/ros/humble/share/geometry_msgs/cmake)
[0.072s] -- Found rosidl_generator_c: 3.1.7 (/opt/ros/humble/share/rosidl_generator_c/cmake)
[0.073s] -- Found rosidl_adapter: 3.1.7 (/opt/ros/humble/share/rosidl_adapter/cmake)
[0.075s] -- Found rosidl_generator_cpp: 3.1.7 (/opt/ros/humble/share/rosidl_generator_cpp/cmake)
[0.079s] -- Using all available rosidl_typesupport_c: rosidl_typesupport_fastrtps_c;rosidl_typesupport_introspection_c
[0.083s] -- Using all available rosidl_typesupport_cpp: rosidl_typesupport_fastrtps_cpp;rosidl_typesupport_introspection_cpp
[0.096s] -- Found nav_msgs: 4.9.0 (/opt/ros/humble/share/nav_msgs/cmake)
[0.102s] -- Found sensor_msgs: 4.9.0 (/opt/ros/humble/share/sensor_msgs/cmake)
[0.108s] -- Found visualization_msgs: 4.9.0 (/opt/ros/humble/share/visualization_msgs/cmake)
[0.115s] -- Found tf2_ros: 0.25.15 (/opt/ros/humble/share/tf2_ros/cmake)
[0.132s] -- Found rmw_implementation_cmake: 6.1.2 (/opt/ros/humble/share/rmw_implementation_cmake/cmake)
[0.132s] -- Found rmw_fastrtps_cpp: 6.2.8 (/opt/ros/humble/share/rmw_fastrtps_cpp/cmake)
[0.177s] -- Using RMW implementation 'rmw_fastrtps_cpp' as default
[0.240s] [31mCMake Error at /opt/ros/humble/share/ament_cmake_python/cmake/ament_python_install_package.cmake:66 (message):
[0.240s]   ament_python_install_package() the Python package folder
[0.240s]   '/home/aero-ws/10x_Path_Smoothing/ros2_integration/path_smoothing_turtlebot'
[0.240s]   doesn't contain an '__init__.py' file
[0.240s] Call Stack (most recent call first):
[0.240s]   /opt/ros/humble/share/ament_cmake_python/cmake/ament_python_install_package.cmake:39 (_ament_cmake_python_install_package)
[0.240s]   CMakeLists.txt:19 (ament_python_install_package)
[0.240s] 
[0.240s] [0m
[0.240s] -- Configuring incomplete, errors occurred!
[0.240s] See also "/home/aero-ws/10x_Path_Smoothing/ros2_integration/build/path_smoothing_turtlebot/CMakeFiles/CMakeOutput.log".
[0.246s] Invoked command in '/home/aero-ws/10x_Path_Smoothing/ros2_integration/build/path_smoothing_turtlebot' returned '1': CMAKE_PREFIX_PATH=${CMAKE_PREFIX_PATH}:/opt/ros/humble /usr/bin/cmake /home/aero-ws/10x_Path_Smoothing/ros2_integration -DCMAKE_INSTALL_PREFIX=/home/aero-ws/10x_Path_Smoothing/ros2_integration/install/path_smoothing_turtlebot
