running egg_info
creating ../../build/turtlebot_path_smoothing/turtlebot_path_smoothing.egg-info
writing ../../build/turtlebot_path_smoothing/turtlebot_path_smoothing.egg-info/PKG-INFO
writing dependency_links to ../../build/turtlebot_path_smoothing/turtlebot_path_smoothing.egg-info/dependency_links.txt
writing entry points to ../../build/turtlebot_path_smoothing/turtlebot_path_smoothing.egg-info/entry_points.txt
writing requirements to ../../build/turtlebot_path_smoothing/turtlebot_path_smoothing.egg-info/requires.txt
writing top-level names to ../../build/turtlebot_path_smoothing/turtlebot_path_smoothing.egg-info/top_level.txt
writing manifest file '../../build/turtlebot_path_smoothing/turtlebot_path_smoothing.egg-info/SOURCES.txt'
reading manifest file '../../build/turtlebot_path_smoothing/turtlebot_path_smoothing.egg-info/SOURCES.txt'
writing manifest file '../../build/turtlebot_path_smoothing/turtlebot_path_smoothing.egg-info/SOURCES.txt'
running build
running build_py
creating /home/aero-ws/10x_Path_Smoothing/turtlebot_ws/build/turtlebot_path_smoothing/build
creating /home/aero-ws/10x_Path_Smoothing/turtlebot_ws/build/turtlebot_path_smoothing/build/lib
creating /home/aero-ws/10x_Path_Smoothing/turtlebot_ws/build/turtlebot_path_smoothing/build/lib/turtlebot_path_smoothing
copying turtlebot_path_smoothing/turtlebot_path_node.py -> /home/aero-ws/10x_Path_Smoothing/turtlebot_ws/build/turtlebot_path_smoothing/build/lib/turtlebot_path_smoothing
copying turtlebot_path_smoothing/cubic_spline_smoother.py -> /home/aero-ws/10x_Path_Smoothing/turtlebot_ws/build/turtlebot_path_smoothing/build/lib/turtlebot_path_smoothing
copying turtlebot_path_smoothing/stanley_controller.py -> /home/aero-ws/10x_Path_Smoothing/turtlebot_ws/build/turtlebot_path_smoothing/build/lib/turtlebot_path_smoothing
copying turtlebot_path_smoothing/__init__.py -> /home/aero-ws/10x_Path_Smoothing/turtlebot_ws/build/turtlebot_path_smoothing/build/lib/turtlebot_path_smoothing
running install
running install_lib
creating /home/aero-ws/10x_Path_Smoothing/turtlebot_ws/install/turtlebot_path_smoothing/lib/python3.10/site-packages/turtlebot_path_smoothing
copying /home/aero-ws/10x_Path_Smoothing/turtlebot_ws/build/turtlebot_path_smoothing/build/lib/turtlebot_path_smoothing/turtlebot_path_node.py -> /home/aero-ws/10x_Path_Smoothing/turtlebot_ws/install/turtlebot_path_smoothing/lib/python3.10/site-packages/turtlebot_path_smoothing
copying /home/aero-ws/10x_Path_Smoothing/turtlebot_ws/build/turtlebot_path_smoothing/build/lib/turtlebot_path_smoothing/cubic_spline_smoother.py -> /home/aero-ws/10x_Path_Smoothing/turtlebot_ws/install/turtlebot_path_smoothing/lib/python3.10/site-packages/turtlebot_path_smoothing
copying /home/aero-ws/10x_Path_Smoothing/turtlebot_ws/build/turtlebot_path_smoothing/build/lib/turtlebot_path_smoothing/stanley_controller.py -> /home/aero-ws/10x_Path_Smoothing/turtlebot_ws/install/turtlebot_path_smoothing/lib/python3.10/site-packages/turtlebot_path_smoothing
copying /home/aero-ws/10x_Path_Smoothing/turtlebot_ws/build/turtlebot_path_smoothing/build/lib/turtlebot_path_smoothing/__init__.py -> /home/aero-ws/10x_Path_Smoothing/turtlebot_ws/install/turtlebot_path_smoothing/lib/python3.10/site-packages/turtlebot_path_smoothing
byte-compiling /home/aero-ws/10x_Path_Smoothing/turtlebot_ws/install/turtlebot_path_smoothing/lib/python3.10/site-packages/turtlebot_path_smoothing/turtlebot_path_node.py to turtlebot_path_node.cpython-310.pyc
byte-compiling /home/aero-ws/10x_Path_Smoothing/turtlebot_ws/install/turtlebot_path_smoothing/lib/python3.10/site-packages/turtlebot_path_smoothing/cubic_spline_smoother.py to cubic_spline_smoother.cpython-310.pyc
byte-compiling /home/aero-ws/10x_Path_Smoothing/turtlebot_ws/install/turtlebot_path_smoothing/lib/python3.10/site-packages/turtlebot_path_smoothing/stanley_controller.py to stanley_controller.cpython-310.pyc
byte-compiling /home/aero-ws/10x_Path_Smoothing/turtlebot_ws/install/turtlebot_path_smoothing/lib/python3.10/site-packages/turtlebot_path_smoothing/__init__.py to __init__.cpython-310.pyc
running install_data
creating /home/aero-ws/10x_Path_Smoothing/turtlebot_ws/install/turtlebot_path_smoothing/share/ament_index
creating /home/aero-ws/10x_Path_Smoothing/turtlebot_ws/install/turtlebot_path_smoothing/share/ament_index/resource_index
creating /home/aero-ws/10x_Path_Smoothing/turtlebot_ws/install/turtlebot_path_smoothing/share/ament_index/resource_index/packages
copying resource/turtlebot_path_smoothing -> /home/aero-ws/10x_Path_Smoothing/turtlebot_ws/install/turtlebot_path_smoothing/share/ament_index/resource_index/packages
copying package.xml -> /home/aero-ws/10x_Path_Smoothing/turtlebot_ws/install/turtlebot_path_smoothing/share/turtlebot_path_smoothing
creating /home/aero-ws/10x_Path_Smoothing/turtlebot_ws/install/turtlebot_path_smoothing/share/turtlebot_path_smoothing/launch
copying launch/complete_simulation.launch.py -> /home/aero-ws/10x_Path_Smoothing/turtlebot_ws/install/turtlebot_path_smoothing/share/turtlebot_path_smoothing/launch
creating /home/aero-ws/10x_Path_Smoothing/turtlebot_ws/install/turtlebot_path_smoothing/share/turtlebot_path_smoothing/rviz
copying rviz/turtlebot_path_smoothing.rviz -> /home/aero-ws/10x_Path_Smoothing/turtlebot_ws/install/turtlebot_path_smoothing/share/turtlebot_path_smoothing/rviz
running install_egg_info
Copying ../../build/turtlebot_path_smoothing/turtlebot_path_smoothing.egg-info to /home/aero-ws/10x_Path_Smoothing/turtlebot_ws/install/turtlebot_path_smoothing/lib/python3.10/site-packages/turtlebot_path_smoothing-0.0.0-py3.10.egg-info
running install_scripts
Installing turtlebot_path_node script to /home/aero-ws/10x_Path_Smoothing/turtlebot_ws/install/turtlebot_path_smoothing/lib/turtlebot_path_smoothing
writing list of installed files to '/home/aero-ws/10x_Path_Smoothing/turtlebot_ws/build/turtlebot_path_smoothing/install.log'
