[0.228s] Invoking command in '/home/aero-ws/10x_Path_Smoothing/turtlebot_ws/src/turtlebot_path_smoothing': PYTHONPATH=/home/aero-ws/10x_Path_Smoothing/turtlebot_ws/build/turtlebot_path_smoothing/prefix_override:/usr/lib/python3/dist-packages/colcon_core/task/python/colcon_distutils_commands:/home/aero-ws/10x_Path_Smoothing/turtlebot_ws/install/turtlebot_path_smoothing/lib/python3.10/site-packages:${PYTHONPATH} /usr/bin/python3 -W ignore:setup.py install is deprecated -W ignore:easy_install command is deprecated setup.py egg_info --egg-base ../../build/turtlebot_path_smoothing build --build-base /home/aero-ws/10x_Path_Smoothing/turtlebot_ws/build/turtlebot_path_smoothing/build install --record /home/aero-ws/10x_Path_Smoothing/turtlebot_ws/build/turtlebot_path_smoothing/install.log --single-version-externally-managed install_data
[0.312s] running egg_info
[0.312s] creating ../../build/turtlebot_path_smoothing/turtlebot_path_smoothing.egg-info
[0.312s] writing ../../build/turtlebot_path_smoothing/turtlebot_path_smoothing.egg-info/PKG-INFO
[0.312s] writing dependency_links to ../../build/turtlebot_path_smoothing/turtlebot_path_smoothing.egg-info/dependency_links.txt
[0.312s] writing entry points to ../../build/turtlebot_path_smoothing/turtlebot_path_smoothing.egg-info/entry_points.txt
[0.312s] writing requirements to ../../build/turtlebot_path_smoothing/turtlebot_path_smoothing.egg-info/requires.txt
[0.312s] writing top-level names to ../../build/turtlebot_path_smoothing/turtlebot_path_smoothing.egg-info/top_level.txt
[0.312s] writing manifest file '../../build/turtlebot_path_smoothing/turtlebot_path_smoothing.egg-info/SOURCES.txt'
[0.313s] reading manifest file '../../build/turtlebot_path_smoothing/turtlebot_path_smoothing.egg-info/SOURCES.txt'
[0.313s] writing manifest file '../../build/turtlebot_path_smoothing/turtlebot_path_smoothing.egg-info/SOURCES.txt'
[0.313s] running build
[0.314s] running build_py
[0.314s] creating /home/aero-ws/10x_Path_Smoothing/turtlebot_ws/build/turtlebot_path_smoothing/build
[0.314s] creating /home/aero-ws/10x_Path_Smoothing/turtlebot_ws/build/turtlebot_path_smoothing/build/lib
[0.314s] creating /home/aero-ws/10x_Path_Smoothing/turtlebot_ws/build/turtlebot_path_smoothing/build/lib/turtlebot_path_smoothing
[0.314s] copying turtlebot_path_smoothing/turtlebot_path_node.py -> /home/aero-ws/10x_Path_Smoothing/turtlebot_ws/build/turtlebot_path_smoothing/build/lib/turtlebot_path_smoothing
[0.314s] copying turtlebot_path_smoothing/cubic_spline_smoother.py -> /home/aero-ws/10x_Path_Smoothing/turtlebot_ws/build/turtlebot_path_smoothing/build/lib/turtlebot_path_smoothing
[0.314s] copying turtlebot_path_smoothing/stanley_controller.py -> /home/aero-ws/10x_Path_Smoothing/turtlebot_ws/build/turtlebot_path_smoothing/build/lib/turtlebot_path_smoothing
[0.314s] copying turtlebot_path_smoothing/__init__.py -> /home/aero-ws/10x_Path_Smoothing/turtlebot_ws/build/turtlebot_path_smoothing/build/lib/turtlebot_path_smoothing
[0.314s] running install
[0.314s] running install_lib
[0.314s] creating /home/aero-ws/10x_Path_Smoothing/turtlebot_ws/install/turtlebot_path_smoothing/lib/python3.10/site-packages/turtlebot_path_smoothing
[0.314s] copying /home/aero-ws/10x_Path_Smoothing/turtlebot_ws/build/turtlebot_path_smoothing/build/lib/turtlebot_path_smoothing/turtlebot_path_node.py -> /home/aero-ws/10x_Path_Smoothing/turtlebot_ws/install/turtlebot_path_smoothing/lib/python3.10/site-packages/turtlebot_path_smoothing
[0.314s] copying /home/aero-ws/10x_Path_Smoothing/turtlebot_ws/build/turtlebot_path_smoothing/build/lib/turtlebot_path_smoothing/cubic_spline_smoother.py -> /home/aero-ws/10x_Path_Smoothing/turtlebot_ws/install/turtlebot_path_smoothing/lib/python3.10/site-packages/turtlebot_path_smoothing
[0.314s] copying /home/aero-ws/10x_Path_Smoothing/turtlebot_ws/build/turtlebot_path_smoothing/build/lib/turtlebot_path_smoothing/stanley_controller.py -> /home/aero-ws/10x_Path_Smoothing/turtlebot_ws/install/turtlebot_path_smoothing/lib/python3.10/site-packages/turtlebot_path_smoothing
[0.314s] copying /home/aero-ws/10x_Path_Smoothing/turtlebot_ws/build/turtlebot_path_smoothing/build/lib/turtlebot_path_smoothing/__init__.py -> /home/aero-ws/10x_Path_Smoothing/turtlebot_ws/install/turtlebot_path_smoothing/lib/python3.10/site-packages/turtlebot_path_smoothing
[0.314s] byte-compiling /home/aero-ws/10x_Path_Smoothing/turtlebot_ws/install/turtlebot_path_smoothing/lib/python3.10/site-packages/turtlebot_path_smoothing/turtlebot_path_node.py to turtlebot_path_node.cpython-310.pyc
[0.315s] byte-compiling /home/aero-ws/10x_Path_Smoothing/turtlebot_ws/install/turtlebot_path_smoothing/lib/python3.10/site-packages/turtlebot_path_smoothing/cubic_spline_smoother.py to cubic_spline_smoother.cpython-310.pyc
[0.316s] byte-compiling /home/aero-ws/10x_Path_Smoothing/turtlebot_ws/install/turtlebot_path_smoothing/lib/python3.10/site-packages/turtlebot_path_smoothing/stanley_controller.py to stanley_controller.cpython-310.pyc
[0.316s] byte-compiling /home/aero-ws/10x_Path_Smoothing/turtlebot_ws/install/turtlebot_path_smoothing/lib/python3.10/site-packages/turtlebot_path_smoothing/__init__.py to __init__.cpython-310.pyc
[0.316s] running install_data
[0.316s] creating /home/aero-ws/10x_Path_Smoothing/turtlebot_ws/install/turtlebot_path_smoothing/share/ament_index
[0.316s] creating /home/aero-ws/10x_Path_Smoothing/turtlebot_ws/install/turtlebot_path_smoothing/share/ament_index/resource_index
[0.316s] creating /home/aero-ws/10x_Path_Smoothing/turtlebot_ws/install/turtlebot_path_smoothing/share/ament_index/resource_index/packages
[0.316s] copying resource/turtlebot_path_smoothing -> /home/aero-ws/10x_Path_Smoothing/turtlebot_ws/install/turtlebot_path_smoothing/share/ament_index/resource_index/packages
[0.316s] copying package.xml -> /home/aero-ws/10x_Path_Smoothing/turtlebot_ws/install/turtlebot_path_smoothing/share/turtlebot_path_smoothing
[0.316s] creating /home/aero-ws/10x_Path_Smoothing/turtlebot_ws/install/turtlebot_path_smoothing/share/turtlebot_path_smoothing/launch
[0.316s] copying launch/complete_simulation.launch.py -> /home/aero-ws/10x_Path_Smoothing/turtlebot_ws/install/turtlebot_path_smoothing/share/turtlebot_path_smoothing/launch
[0.316s] creating /home/aero-ws/10x_Path_Smoothing/turtlebot_ws/install/turtlebot_path_smoothing/share/turtlebot_path_smoothing/rviz
[0.316s] copying rviz/turtlebot_path_smoothing.rviz -> /home/aero-ws/10x_Path_Smoothing/turtlebot_ws/install/turtlebot_path_smoothing/share/turtlebot_path_smoothing/rviz
[0.316s] running install_egg_info
[0.317s] Copying ../../build/turtlebot_path_smoothing/turtlebot_path_smoothing.egg-info to /home/aero-ws/10x_Path_Smoothing/turtlebot_ws/install/turtlebot_path_smoothing/lib/python3.10/site-packages/turtlebot_path_smoothing-0.0.0-py3.10.egg-info
[0.318s] running install_scripts
[0.326s] Installing turtlebot_path_node script to /home/aero-ws/10x_Path_Smoothing/turtlebot_ws/install/turtlebot_path_smoothing/lib/turtlebot_path_smoothing
[0.326s] writing list of installed files to '/home/aero-ws/10x_Path_Smoothing/turtlebot_ws/build/turtlebot_path_smoothing/install.log'
[0.338s] Invoked command in '/home/aero-ws/10x_Path_Smoothing/turtlebot_ws/src/turtlebot_path_smoothing' returned '0': PYTHONPATH=/home/aero-ws/10x_Path_Smoothing/turtlebot_ws/build/turtlebot_path_smoothing/prefix_override:/usr/lib/python3/dist-packages/colcon_core/task/python/colcon_distutils_commands:/home/aero-ws/10x_Path_Smoothing/turtlebot_ws/install/turtlebot_path_smoothing/lib/python3.10/site-packages:${PYTHONPATH} /usr/bin/python3 -W ignore:setup.py install is deprecated -W ignore:easy_install command is deprecated setup.py egg_info --egg-base ../../build/turtlebot_path_smoothing build --build-base /home/aero-ws/10x_Path_Smoothing/turtlebot_ws/build/turtlebot_path_smoothing/build install --record /home/aero-ws/10x_Path_Smoothing/turtlebot_ws/build/turtlebot_path_smoothing/install.log --single-version-externally-managed install_data
